<?xml version="1.0" encoding="UTF-8"?>
<!-- Generated by org.testng.reporters.JUnitReportReporter -->
<testsuite hostname="ULTP_434" name="com.automation.panorama.LoginPanorama" tests="1" failures="0" timestamp="19 Sep 2018 16:13:56 GMT" time="48.302" errors="0">
  <testcase name="beforeTest" time="48.302" classname="com.automation.panorama.LoginPanorama"/>
</testsuite> <!-- com.automation.panorama.LoginPanorama -->
