<?xml version="1.0" encoding="UTF-8"?>
<!-- Generated by org.testng.reporters.JUnitReportReporter -->
<testsuite hostname="ULTP_434" name="com.automation.panorama.VerifyPaymentReportTestCaseNo9" tests="1" failures="0" timestamp="19 Sep 2018 19:50:46 GMT" time="169.580" errors="0">
  <testcase name="VerifyPaymentReport" time="169.580" classname="com.automation.panorama.VerifyPaymentReportTestCaseNo9"/>
</testsuite> <!-- com.automation.panorama.VerifyPaymentReportTestCaseNo9 -->
