<?xml version="1.0" encoding="UTF-8"?>
<!-- Generated by org.testng.reporters.JUnitReportReporter -->
<testsuite hostname="ULTP_434" name="com.automation.testcasedemo.UserCreationThroughAccountOwner" tests="1" failures="0" timestamp="23 Aug 2018 13:50:59 GMT" time="16.576" errors="0">
  <testcase name="ActivateAccount" time="16.576" classname="com.automation.testcasedemo.UserCreationThroughAccountOwner"/>
</testsuite> <!-- com.automation.testcasedemo.UserCreationThroughAccountOwner -->
