<?xml version="1.0" encoding="UTF-8"?>
<!-- Generated by org.testng.reporters.JUnitReportReporter -->
<testsuite hostname="ULTP_434" name="com.automation.panorama.VerifyReportTestCaseNo9" tests="1" failures="0" timestamp="19 Sep 2018 19:09:40 GMT" time="93.598" errors="0">
  <testcase name="f" time="93.598" classname="com.automation.panorama.VerifyReportTestCaseNo9"/>
</testsuite> <!-- com.automation.panorama.VerifyReportTestCaseNo9 -->
